<html>
<body>
<pre>
<h1>µVision Build Log</h1>
<h2>Tool Versions:</h2>
IDE-Version: µVision V5.29.0.0
Copyright (C) 2019 ARM Ltd and ARM Germany GmbH. All rights reserved.
License Information: Huy Cao, Huy, LIC=SDASB-28V5R-00MN9-4E4Z2-14VU4-9ESSU
 
Tool Versions:
Toolchain:       MDK-ARM Plus  Version: 5.29.0.0
Toolchain Path:  C:\Keil_v5\ARM\ARMCC\Bin
C Compiler:      Armcc.exe V5.06 update 6 (build 750)
Assembler:       Armasm.exe V5.06 update 6 (build 750)
Linker/Locator:  ArmLink.exe V5.06 update 6 (build 750)
Library Manager: ArmAr.exe V5.06 update 6 (build 750)
Hex Converter:   FromElf.exe V5.06 update 6 (build 750)
CPU DLL:         SARMCM3.DLL V5.29.0.0
Dialog DLL:      DCM.DLL V1.17.3.0
Target DLL:      STLink\ST-LINKIII-KEIL_SWO.dll V3.0.7.0
Dialog DLL:      TCM.DLL V1.36.5.0
 
<h2>Project:</h2>
C:\Users\Cao Huy\Documents\GitHub\STM32-Discovery\STM32 V6 Matric\MDK-ARM\STM32 V6 Matric.uvprojx
Project File Date:  03/04/2020

<h2>Output:</h2>
*** Using Compiler 'V5.06 update 6 (build 750)', folder: 'C:\Keil_v5\ARM\ARMCC\Bin'
Build target 'STM32 V6 Matric'
assembling startup_stm32f411xe.s...
compiling main.c...
C:\Keil_v5\ARM\ARMCC\Bin\..\include\rw/_defs.h(781): error:  #20: identifier "namespace" is undefined
  _RWSTD_NAMESPACE_BEGIN (__rw)
C:\Keil_v5\ARM\ARMCC\Bin\..\include\rw/_defs.h(781): error:  #65: expected a ";"
  _RWSTD_NAMESPACE_BEGIN (__rw)
C:\Keil_v5\ARM\ARMCC\Bin\..\include\iosfwd(93): error:  #20: identifier "namespace" is undefined
  _RWSTD_NAMESPACE_BEGIN (std)
C:\Keil_v5\ARM\ARMCC\Bin\..\include\iosfwd(93): error:  #65: expected a ";"
  _RWSTD_NAMESPACE_BEGIN (std)
C:\Keil_v5\ARM\ARMCC\Bin\..\include\iosfwd(117): error:  #65: expected a ";"
  template<class _CharT,
C:\Keil_v5\ARM\ARMCC\Bin\..\include\iosfwd(122): error:  #65: expected a ";"
  template<class _CharT,
C:\Keil_v5\ARM\ARMCC\Bin\..\include\iosfwd(127): error:  #65: expected a ";"
  template<class _CharT,
C:\Keil_v5\ARM\ARMCC\Bin\..\include\iosfwd(131): error:  #65: expected a ";"
  template<class _CharT,
C:\Keil_v5\ARM\ARMCC\Bin\..\include\iosfwd(136): error:  #65: expected a ";"
  template<class _CharT,
C:\Keil_v5\ARM\ARMCC\Bin\..\include\iosfwd(141): error:  #65: expected a ";"
  template<class _CharT,
C:\Keil_v5\ARM\ARMCC\Bin\..\include\iosfwd(146): error:  #65: expected a ";"
  template<class _CharT,
C:\Keil_v5\ARM\ARMCC\Bin\..\include\iosfwd(150): error:  #65: expected a ";"
  template<class _CharT,
C:\Keil_v5\ARM\ARMCC\Bin\..\include\iosfwd(154): error:  #65: expected a ";"
  template<class _CharT,
C:\Keil_v5\ARM\ARMCC\Bin\..\include\iosfwd(158): error:  #65: expected a ";"
  template<class _CharT,
C:\Keil_v5\ARM\ARMCC\Bin\..\include\iosfwd(162): error:  #65: expected a ";"
  template<class _CharT,
C:\Keil_v5\ARM\ARMCC\Bin\..\include\iosfwd(167): error:  #65: expected a ";"
  template<class _CharT,
C:\Keil_v5\ARM\ARMCC\Bin\..\include\iosfwd(171): error:  #65: expected a ";"
  template<class _CharT,
C:\Keil_v5\ARM\ARMCC\Bin\..\include\iosfwd(175): error:  #65: expected a ";"
  template<class _CharT,
C:\Keil_v5\ARM\ARMCC\Bin\..\include\iosfwd(183): error:  #65: expected a ";"
  typedef basic_ios<char>                                    ios;
C:\Keil_v5\ARM\ARMCC\Bin\..\include\iosfwd(184): error:  #65: expected a ";"
  typedef basic_streambuf<char>                              streambuf;
C:\Keil_v5\ARM\ARMCC\Bin\..\include\iosfwd(185): error:  #65: expected a ";"
  typedef basic_istream<char>                                istream;
C:\Keil_v5\ARM\ARMCC\Bin\..\include\iosfwd(186): error:  #65: expected a ";"
  typedef basic_ostream<char>                                ostream;
C:\Keil_v5\ARM\ARMCC\Bin\..\include\iosfwd(187): error:  #65: expected a ";"
  typedef basic_stringbuf<char>                              stringbuf;
C:\Keil_v5\ARM\ARMCC\Bin\..\include\iosfwd(188): error:  #65: expected a ";"
  typedef basic_istringstream<char>                          istringstream;
C:\Keil_v5\ARM\ARMCC\Bin\..\include\iosfwd(189): error:  #65: expected a ";"
  typedef basic_ostringstream<char>                          ostringstream;
C:\Keil_v5\ARM\ARMCC\Bin\..\include\iosfwd(190): error:  #65: expected a ";"
  typedef basic_filebuf<char>                                filebuf;
C:\Keil_v5\ARM\ARMCC\Bin\..\include\iosfwd(191): error:  #65: expected a ";"
  typedef basic_ifstream<char>                               ifstream;
C:\Keil_v5\ARM\ARMCC\Bin\..\include\iosfwd(192): error:  #65: expected a ";"
  typedef basic_ofstream<char>                               ofstream;
C:\Keil_v5\ARM\ARMCC\Bin\..\include\iosfwd(193): error:  #65: expected a ";"
  typedef basic_fstream<char>                                fstream;
C:\Keil_v5\ARM\ARMCC\Bin\..\include\iosfwd(194): error:  #65: expected a ";"
  typedef basic_iostream<char>                               iostream;
../Src/main.c: 0 warnings, 30 errors
compiling stm32f4xx_it.c...
compiling Matric.c...
compiling stm32f4xx_hal_msp.c...
compiling Wheel_Init.c...
compiling rc522.c...
compiling stm32f4xx_hal_spi.c...
compiling stm32f4xx_hal_tim.c...
compiling stm32f4xx_hal_flash_ramfunc.c...
compiling stm32f4xx_hal_tim_ex.c...
compiling stm32f4xx_hal_rcc_ex.c...
compiling stm32f4xx_hal_rcc.c...
compiling stm32f4xx_hal_flash_ex.c...
compiling stm32f4xx_hal_flash.c...
compiling stm32f4xx_hal.c...
compiling stm32f4xx_hal_pwr.c...
compiling stm32f4xx_hal_dma_ex.c...
compiling stm32f4xx_hal_dma.c...
compiling stm32f4xx_hal_pwr_ex.c...
compiling stm32f4xx_hal_cortex.c...
compiling stm32f4xx_hal_gpio.c...
compiling stm32f4xx_hal_exti.c...

<h2>Software Packages used:</h2>

Package Vendor: ARM
                http://www.keil.com/pack/ARM.CMSIS.5.6.0.pack
                ARM.CMSIS.5.6.0
                CMSIS (Cortex Microcontroller Software Interface Standard)
   * Component: CORE Version: 5.3.0

Package Vendor: Keil
                http://www.keil.com/pack/Keil.STM32F4xx_DFP.2.14.0.pack
                Keil.STM32F4xx_DFP.2.14.0
                STMicroelectronics STM32F4 Series Device Support, Drivers and Examples

<h2>Collection of Component include folders:</h2>
  .\RTE\_STM32_V6_Matric
  C:\Users\Cao Huy\AppData\Local\Arm\Packs\ARM\CMSIS\5.6.0\CMSIS\Core\Include
  C:\Users\Cao Huy\AppData\Local\Arm\Packs\Keil\STM32F4xx_DFP\2.14.0\Drivers\CMSIS\Device\ST\STM32F4xx\Include

<h2>Collection of Component Files used:</h2>

   * Component: ARM::CMSIS:CORE:5.3.0
Project build/rebuild aborted.
Build Time Elapsed:  00:00:14
</pre>
</body>
</html>
